<?xml version="1.0" encoding="UTF-8"?>
<!-- Generated by org.testng.reporters.JUnitReportReporter -->
<testsuite hostname="DESKTOP-KD8HJQ6" failures="0" tests="1" name="sandeepacademy.E2E" time="11.253" errors="0" timestamp="2025-02-14T12:17:56 IST" skipped="0">
  <testcase classname="sandeepacademy.E2E" name="E2EDemo" time="11.253"/>
</testsuite> <!-- sandeepacademy.E2E -->
