<?xml version="1.0" encoding="UTF-8"?>
<!-- Generated by org.testng.reporters.JUnitReportReporter -->
<testsuite hostname="DESKTOP-KD8HJQ6" failures="0" tests="1" name="sandeepacademy.E2Eframework" time="10.620" errors="0" timestamp="2025-02-15T16:20:21 IST" skipped="0">
  <testcase classname="sandeepacademy.E2Eframework" name="E2EDemo" time="10.620"/>
</testsuite> <!-- sandeepacademy.E2Eframework -->
