<?xml version="1.0" encoding="UTF-8"?>
<!-- Generated by org.testng.reporters.JUnitReportReporter -->
<testsuite hostname="DESKTOP-KD8HJQ6" failures="0" tests="2" name="sandeepacademy.Tests.ErrorValidations" time="34.300" errors="0" timestamp="2025-02-20T14:02:01 IST" skipped="0">
  <testcase classname="sandeepacademy.Tests.ErrorValidations" name="E2EDemo2" time="17.476"/>
  <system-out/>
  <testcase classname="sandeepacademy.Tests.ErrorValidations" name="E2EDemo2" time="16.824"/>
  <system-out/>
</testsuite> <!-- sandeepacademy.Tests.ErrorValidations -->
